{
  "0 debug pnpm:scope": {
    "selected": 1
  },
  "1 error pnpm": {
    "code": "ELIFECYCLE",
    "errno": "ENOENT",
    "syscall": "spawn",
    "file": "sh",
    "pkgid": "right-at-home@0.0.1",
    "stage": "dev",
    "script": "vite dev",
    "pkgname": "right-at-home",
    "err": {
      "name": "pnpm",
      "message": "right-at-home@0.0.1 dev: `vite dev`\nspawn ENOENT",
      "code": "ELIFECYCLE",
      "stack": "pnpm: right-at-home@0.0.1 dev: `vite dev`\nspawn ENOENT\n    at ChildProcess.<anonymous> (/opt/homebrew/Cellar/pnpm/7.1.0/libexec/lib/node_modules/pnpm/dist/pnpm.cjs:93448:22)\n    at ChildProcess.emit (node:events:527:28)\n    at maybeClose (node:internal/child_process:1090:16)\n    at ChildProcess._handle.onexit (node:internal/child_process:302:5)"
    }
  },
  "2 warn pnpm:global": " Local package.json exists, but node_modules missing, did you mean to install?"
}